#
# There is insufficient memory for the Java Runtime Environment to continue.
# Native memory allocation (mmap) failed to map 65536 bytes. Error detail: Failed to commit metaspace.
# Possible reasons:
#   The system is out of physical RAM or swap space
#   This process is running with CompressedOops enabled, and the Java Heap may be blocking the growth of the native heap
# Possible solutions:
#   Reduce memory load on the system
#   Increase physical memory or swap space
#   Check if swap backing store is full
#   Decrease Java heap size (-Xmx/-Xms)
#   Decrease number of Java threads
#   Decrease Java thread stack sizes (-Xss)
#   Set larger code cache with -XX:ReservedCodeCacheSize=
#   JVM is running with Unscaled Compressed Oops mode in which the Java heap is
#     placed in the first 4GB address space. The Java Heap base address is the
#     maximum limit for the native heap growth. Please use -XX:HeapBaseMinAddress
#     to set the Java Heap base and to place the Java Heap above 4GB virtual address.
# This output file may be truncated or incomplete.
#
#  Out of Memory Error (virtualSpaceNode.cpp:112), pid=22548, tid=27512
#
# JRE version: Java(TM) SE Runtime Environment (22.0.1+8) (build 22.0.1+8-16)
# Java VM: Java HotSpot(TM) 64-Bit Server VM (22.0.1+8-16, mixed mode, emulated-client, sharing, tiered, compressed oops, compressed class ptrs, g1 gc, windows-amd64)
# No core dump will be written. Minidumps are not enabled by default on client versions of Windows
#

---------------  S U M M A R Y ------------

Command Line: -XX:TieredStopAtLevel=1 -Dspring.output.ansi.enabled=always -Dcom.sun.management.jmxremote -Dspring.jmx.enabled=true -Dspring.liveBeansView.mbeanDomain -Dspring.application.admin.enabled=true -Dmanagement.endpoints.jmx.exposure.include=* -javaagent:C:\Program Files\JetBrains\IntelliJ IDEA 2024.3.5\lib\idea_rt.jar=55249 -Dfile.encoding=UTF-8 -Dsun.stdout.encoding=UTF-8 -Dsun.stderr.encoding=UTF-8 com.movie_booking.moviebookingsystem.MovieBookingSystemApplication

Host: 11th Gen Intel(R) Core(TM) i5-1135G7 @ 2.40GHz, 8 cores, 7G,  Windows 10 , 64 bit Build 19041 (10.0.19041.5915)
Time: Sat Aug 16 16:48:07 2025 Sri Lanka Standard Time elapsed time: 7.270069 seconds (0d 0h 0m 7s)

---------------  T H R E A D  ---------------

Current thread (0x0000021cc6b12700):  JavaThread "http-nio-8080-exec-1" daemon [_thread_in_vm, id=27512, stack(0x00000033bb900000,0x00000033bba00000) (1024K)]

Stack: [0x00000033bb900000,0x00000033bba00000]
Native frames: (J=compiled Java code, j=interpreted, Vv=VM code, C=native code)
V  [jvm.dll+0x6e2279]  (no source info available)
V  [jvm.dll+0x874e33]  (no source info available)
V  [jvm.dll+0x87725e]  (no source info available)
V  [jvm.dll+0x877933]  (no source info available)
V  [jvm.dll+0x27fd76]  (no source info available)
V  [jvm.dll+0x870a7e]  (no source info available)
V  [jvm.dll+0x6852e5]  (no source info available)
V  [jvm.dll+0x1e3eac]  (no source info available)
V  [jvm.dll+0x1e3c7e]  (no source info available)
V  [jvm.dll+0x687c38]  (no source info available)
V  [jvm.dll+0x2250ac]  (no source info available)
V  [jvm.dll+0x685cfe]  (no source info available)
V  [jvm.dll+0x27cadd]  (no source info available)
V  [jvm.dll+0x27cea1]  (no source info available)
V  [jvm.dll+0x73aa4f]  (no source info available)
V  [jvm.dll+0x73b83f]  (no source info available)
V  [jvm.dll+0x3c8aff]  (no source info available)
V  [jvm.dll+0x3c78fc]  (no source info available)
V  [jvm.dll+0x3c7898]  (no source info available)
V  [jvm.dll+0x5ebdd9]  (no source info available)
V  [jvm.dll+0x5ead44]  (no source info available)
V  [jvm.dll+0x3dd89d]  (no source info available)
V  [jvm.dll+0x3dce9d]  (no source info available)
C  0x0000021cf5468efc  (no source info available)

The last pc belongs to invokestatic (printed below).
Java frames: (J=compiled Java code, j=interpreted, Vv=VM code)
j  org.eclipse.jdt.internal.compiler.parser.Parser.readTable(Ljava/lang/String;)[C+38
j  org.eclipse.jdt.internal.compiler.parser.Parser.initTables()V+27
j  org.eclipse.jdt.internal.compiler.parser.Parser.<clinit>()V+145
v  ~StubRoutines::call_stub 0x0000021cf545100d
j  org.eclipse.jdt.internal.compiler.Compiler.initializeParser()V+1
j  org.eclipse.jdt.internal.compiler.Compiler.<init>(Lorg/eclipse/jdt/internal/compiler/env/INameEnvironment;Lorg/eclipse/jdt/internal/compiler/IErrorHandlingPolicy;Lorg/eclipse/jdt/internal/compiler/impl/CompilerOptions;Lorg/eclipse/jdt/internal/compiler/ICompilerRequestor;Lorg/eclipse/jdt/internal/compiler/IProblemFactory;Ljava/io/PrintWriter;Lorg/eclipse/jdt/core/compiler/CompilationProgress;)V+140
j  org.eclipse.jdt.internal.compiler.Compiler.<init>(Lorg/eclipse/jdt/internal/compiler/env/INameEnvironment;Lorg/eclipse/jdt/internal/compiler/IErrorHandlingPolicy;Lorg/eclipse/jdt/internal/compiler/impl/CompilerOptions;Lorg/eclipse/jdt/internal/compiler/ICompilerRequestor;Lorg/eclipse/jdt/internal/compiler/IProblemFactory;)V+10
j  org.apache.jasper.compiler.JDTCompiler.generateClass(Ljava/util/Map;)V+2192
j  org.apache.jasper.compiler.Compiler.compile(ZZ)V+98
j  org.apache.jasper.compiler.Compiler.compile(Z)V+3
j  org.apache.jasper.compiler.Compiler.compile()V+2
j  org.apache.jasper.JspCompilationContext.compile()V+50
j  org.apache.jasper.servlet.JspServletWrapper.service(Ljakarta/servlet/http/HttpServletRequest;Ljakarta/servlet/http/HttpServletResponse;Z)V+132
j  org.apache.jasper.servlet.JspServlet.serviceJspFile(Ljakarta/servlet/http/HttpServletRequest;Ljakarta/servlet/http/HttpServletResponse;Ljava/lang/String;Z)V+112
j  org.apache.jasper.servlet.JspServlet.service(Ljakarta/servlet/http/HttpServletRequest;Ljakarta/servlet/http/HttpServletResponse;)V+230
j  jakarta.servlet.http.HttpServlet.service(Ljakarta/servlet/ServletRequest;Ljakarta/servlet/ServletResponse;)V+37
j  org.apache.catalina.core.ApplicationFilterChain.internalDoFilter(Ljakarta/servlet/ServletRequest;Ljakarta/servlet/ServletResponse;)V+300
j  org.apache.catalina.core.ApplicationFilterChain.doFilter(Ljakarta/servlet/ServletRequest;Ljakarta/servlet/ServletResponse;)V+99
j  org.apache.tomcat.websocket.server.WsFilter.doFilter(Ljakarta/servlet/ServletRequest;Ljakarta/servlet/ServletResponse;Ljakarta/servlet/FilterChain;)V+21
j  org.apache.catalina.core.ApplicationFilterChain.internalDoFilter(Ljakarta/servlet/ServletRequest;Ljakarta/servlet/ServletResponse;)V+130
j  org.apache.catalina.core.ApplicationFilterChain.doFilter(Ljakarta/servlet/ServletRequest;Ljakarta/servlet/ServletResponse;)V+99
j  org.springframework.web.filter.OncePerRequestFilter.doFilter(Ljakarta/servlet/ServletRequest;Ljakarta/servlet/ServletResponse;Ljakarta/servlet/FilterChain;)V+125
j  org.apache.catalina.core.ApplicationFilterChain.internalDoFilter(Ljakarta/servlet/ServletRequest;Ljakarta/servlet/ServletResponse;)V+130
j  org.apache.catalina.core.ApplicationFilterChain.doFilter(Ljakarta/servlet/ServletRequest;Ljakarta/servlet/ServletResponse;)V+99
j  org.springframework.web.filter.OncePerRequestFilter.doFilter(Ljakarta/servlet/ServletRequest;Ljakarta/servlet/ServletResponse;Ljakarta/servlet/FilterChain;)V+125
j  org.apache.catalina.core.ApplicationFilterChain.internalDoFilter(Ljakarta/servlet/ServletRequest;Ljakarta/servlet/ServletResponse;)V+130
j  org.apache.catalina.core.ApplicationFilterChain.doFilter(Ljakarta/servlet/ServletRequest;Ljakarta/servlet/ServletResponse;)V+99
j  org.springframework.web.filter.OncePerRequestFilter.doFilter(Ljakarta/servlet/ServletRequest;Ljakarta/servlet/ServletResponse;Ljakarta/servlet/FilterChain;)V+125
j  org.apache.catalina.core.ApplicationFilterChain.internalDoFilter(Ljakarta/servlet/ServletRequest;Ljakarta/servlet/ServletResponse;)V+130
j  org.apache.catalina.core.ApplicationFilterChain.doFilter(Ljakarta/servlet/ServletRequest;Ljakarta/servlet/ServletResponse;)V+99
j  org.apache.catalina.core.ApplicationDispatcher.invoke(Ljakarta/servlet/ServletRequest;Ljakarta/servlet/ServletResponse;Lorg/apache/catalina/core/ApplicationDispatcher$State;)V+344
j  org.apache.catalina.core.ApplicationDispatcher.processRequest(Ljakarta/servlet/ServletRequest;Ljakarta/servlet/ServletResponse;Lorg/apache/catalina/core/ApplicationDispatcher$State;)V+90
j  org.apache.catalina.core.ApplicationDispatcher.doForward(Ljakarta/servlet/ServletRequest;Ljakarta/servlet/ServletResponse;)V+334
j  org.apache.catalina.core.ApplicationDispatcher.forward(Ljakarta/servlet/ServletRequest;Ljakarta/servlet/ServletResponse;)V+55
j  org.springframework.web.servlet.view.InternalResourceView.renderMergedOutputModel(Ljava/util/Map;Ljakarta/servlet/http/HttpServletRequest;Ljakarta/servlet/http/HttpServletResponse;)V+145
j  org.springframework.web.servlet.view.AbstractView.render(Ljava/util/Map;Ljakarta/servlet/http/HttpServletRequest;Ljakarta/servlet/http/HttpServletResponse;)V+97
j  org.springframework.web.servlet.DispatcherServlet.render(Lorg/springframework/web/servlet/ModelAndView;Ljakarta/servlet/http/HttpServletRequest;Ljakarta/servlet/http/HttpServletResponse;)V+224
j  org.springframework.web.servlet.DispatcherServlet.processDispatchResult(Ljakarta/servlet/http/HttpServletRequest;Ljakarta/servlet/http/HttpServletResponse;Lorg/springframework/web/servlet/HandlerExecutionChain;Lorg/springframework/web/servlet/ModelAndView;Ljava/lang/Exception;)V+103
j  org.springframework.web.servlet.DispatcherServlet.doDispatch(Ljakarta/servlet/http/HttpServletRequest;Ljakarta/servlet/http/HttpServletResponse;)V+428
j  org.springframework.web.servlet.DispatcherServlet.doService(Ljakarta/servlet/http/HttpServletRequest;Ljakarta/servlet/http/HttpServletResponse;)V+242
j  org.springframework.web.servlet.FrameworkServlet.processRequest(Ljakarta/servlet/http/HttpServletRequest;Ljakarta/servlet/http/HttpServletResponse;)V+70
j  org.springframework.web.servlet.FrameworkServlet.doGet(Ljakarta/servlet/http/HttpServletRequest;Ljakarta/servlet/http/HttpServletResponse;)V+3
j  jakarta.servlet.http.HttpServlet.service(Ljakarta/servlet/http/HttpServletRequest;Ljakarta/servlet/http/HttpServletResponse;)V+35
j  org.springframework.web.servlet.FrameworkServlet.service(Ljakarta/servlet/http/HttpServletRequest;Ljakarta/servlet/http/HttpServletResponse;)V+20
j  jakarta.servlet.http.HttpServlet.service(Ljakarta/servlet/ServletRequest;Ljakarta/servlet/ServletResponse;)V+37
j  org.apache.catalina.core.ApplicationFilterChain.internalDoFilter(Ljakarta/servlet/ServletRequest;Ljakarta/servlet/ServletResponse;)V+300
j  org.apache.catalina.core.ApplicationFilterChain.doFilter(Ljakarta/servlet/ServletRequest;Ljakarta/servlet/ServletResponse;)V+99
j  org.apache.tomcat.websocket.server.WsFilter.doFilter(Ljakarta/servlet/ServletRequest;Ljakarta/servlet/ServletResponse;Ljakarta/servlet/FilterChain;)V+21
j  org.apache.catalina.core.ApplicationFilterChain.internalDoFilter(Ljakarta/servlet/ServletRequest;Ljakarta/servlet/ServletResponse;)V+130
j  org.apache.catalina.core.ApplicationFilterChain.doFilter(Ljakarta/servlet/ServletRequest;Ljakarta/servlet/ServletResponse;)V+99
j  org.springframework.web.filter.RequestContextFilter.doFilterInternal(Ljakarta/servlet/http/HttpServletRequest;Ljakarta/servlet/http/HttpServletResponse;Ljakarta/servlet/FilterChain;)V+21
j  org.springframework.web.filter.OncePerRequestFilter.doFilter(Ljakarta/servlet/ServletRequest;Ljakarta/servlet/ServletResponse;Ljakarta/servlet/FilterChain;)V+150
j  org.apache.catalina.core.ApplicationFilterChain.internalDoFilter(Ljakarta/servlet/ServletRequest;Ljakarta/servlet/ServletResponse;)V+130
j  org.apache.catalina.core.ApplicationFilterChain.doFilter(Ljakarta/servlet/ServletRequest;Ljakarta/servlet/ServletResponse;)V+99
j  org.springframework.web.filter.FormContentFilter.doFilterInternal(Ljakarta/servlet/http/HttpServletRequest;Ljakarta/servlet/http/HttpServletResponse;Ljakarta/servlet/FilterChain;)V+38
j  org.springframework.web.filter.OncePerRequestFilter.doFilter(Ljakarta/servlet/ServletRequest;Ljakarta/servlet/ServletResponse;Ljakarta/servlet/FilterChain;)V+150
j  org.apache.catalina.core.ApplicationFilterChain.internalDoFilter(Ljakarta/servlet/ServletRequest;Ljakarta/servlet/ServletResponse;)V+130
j  org.apache.catalina.core.ApplicationFilterChain.doFilter(Ljakarta/servlet/ServletRequest;Ljakarta/servlet/ServletResponse;)V+99
j  org.springframework.web.filter.CharacterEncodingFilter.doFilterInternal(Ljakarta/servlet/http/HttpServletRequest;Ljakarta/servlet/http/HttpServletResponse;Ljakarta/servlet/FilterChain;)V+53
j  org.springframework.web.filter.OncePerRequestFilter.doFilter(Ljakarta/servlet/ServletRequest;Ljakarta/servlet/ServletResponse;Ljakarta/servlet/FilterChain;)V+150
j  org.apache.catalina.core.ApplicationFilterChain.internalDoFilter(Ljakarta/servlet/ServletRequest;Ljakarta/servlet/ServletResponse;)V+130
j  org.apache.catalina.core.ApplicationFilterChain.doFilter(Ljakarta/servlet/ServletRequest;Ljakarta/servlet/ServletResponse;)V+99
j  org.apache.catalina.core.StandardWrapperValve.invoke(Lorg/apache/catalina/connector/Request;Lorg/apache/catalina/connector/Response;)V+511
j  org.apache.catalina.core.StandardContextValve.invoke(Lorg/apache/catalina/connector/Request;Lorg/apache/catalina/connector/Response;)V+169
j  org.apache.catalina.authenticator.AuthenticatorBase.invoke(Lorg/apache/catalina/connector/Request;Lorg/apache/catalina/connector/Response;)V+221
j  org.apache.catalina.core.StandardHostValve.invoke(Lorg/apache/catalina/connector/Request;Lorg/apache/catalina/connector/Response;)V+131
j  org.apache.catalina.valves.ErrorReportValve.invoke(Lorg/apache/catalina/connector/Request;Lorg/apache/catalina/connector/Response;)V+6
j  org.apache.catalina.core.StandardEngineValve.invoke(Lorg/apache/catalina/connector/Request;Lorg/apache/catalina/connector/Response;)V+59
j  org.apache.catalina.connector.CoyoteAdapter.service(Lorg/apache/coyote/Request;Lorg/apache/coyote/Response;)V+188
j  org.apache.coyote.http11.Http11Processor.service(Lorg/apache/tomcat/util/net/SocketWrapperBase;)Lorg/apache/tomcat/util/net/AbstractEndpoint$Handler$SocketState;+796
j  org.apache.coyote.AbstractProcessorLight.process(Lorg/apache/tomcat/util/net/SocketWrapperBase;Lorg/apache/tomcat/util/net/SocketEvent;)Lorg/apache/tomcat/util/net/AbstractEndpoint$Handler$SocketState;+155
j  org.apache.coyote.AbstractProtocol$ConnectionHandler.process(Lorg/apache/tomcat/util/net/SocketWrapperBase;Lorg/apache/tomcat/util/net/SocketEvent;)Lorg/apache/tomcat/util/net/AbstractEndpoint$Handler$SocketState;+477
j  org.apache.tomcat.util.net.NioEndpoint$SocketProcessor.doRun()V+222
j  org.apache.tomcat.util.net.SocketProcessorBase.run()V+32
j  org.apache.tomcat.util.threads.ThreadPoolExecutor.runWorker(Lorg/apache/tomcat/util/threads/ThreadPoolExecutor$Worker;)V+92
j  org.apache.tomcat.util.threads.ThreadPoolExecutor$Worker.run()V+5
j  org.apache.tomcat.util.threads.TaskThread$WrappingRunnable.run()V+4
j  java.lang.Thread.runWith(Ljava/lang/Object;Ljava/lang/Runnable;)V+5 java.base@22.0.1
j  java.lang.Thread.run()V+19 java.base@22.0.1
v  ~StubRoutines::call_stub 0x0000021cf545100d
invokestatic  184 invokestatic  [0x0000021cf5468e60, 0x0000021cf5468fd8]  376 bytes
[MachCode]
  0x0000021cf5468e60: 4883 ec08 | c5fa 1104 | 24eb 1f48 | 83ec 10c5 | fb11 0424 | eb14 4883 | ec10 4889 | 0424 48c7 
  0x0000021cf5468e80: 4424 0800 | 0000 00eb | 0150 488b | 4dd0 410f | b755 0148 | 8b49 306b | d218 488d | 4c11 080f 
  0x0000021cf5468ea0: b659 1681 | fbb8 0000 | 000f 84bd | 0000 00bb | b800 0000 | e805 0000 | 00e9 9900 | 0000 488b 
  0x0000021cf5468ec0: d348 8d44 | 2408 4c89 | 6dc0 498b | cfc5 f877 | 4989 afb0 | 0300 0049 | 8987 a003 | 0000 4883 
  0x0000021cf5468ee0: ec20 40f6 | c40f 0f84 | 1900 0000 | 4883 ec08 | 48b8 30ce | 2b65 fe7f | 0000 ffd0 | 4883 c408 
  0x0000021cf5468f00: e90c 0000 | 0048 b830 | ce2b 65fe | 7f00 00ff | d048 83c4 | 2049 c787 | a003 0000 | 0000 0000 
  0x0000021cf5468f20: 49c7 87b0 | 0300 0000 | 0000 0049 | c787 a803 | 0000 0000 | 0000 c5f8 | 7749 837f | 0800 0f84 
  0x0000021cf5468f40: 0500 0000 | e9b7 7ffe | ff4c 8b6d | c04c 8b75 | c84e 8d74 | f500 c348 | 8b4d d041 | 0fb7 5501 
  0x0000021cf5468f60: 488b 4930 | 6bd2 1848 | 8d4c 1108 | 488b 1948 | 8b5b 0848 | 8b5b 0848 | 8b5b 1880 | bb20 0100 
  0x0000021cf5468f80: 0005 0f84 | 0d00 0000 | 4c3b bb30 | 0100 000f | 851a ffff | ff0f b651 | 1548 8b19 | 4c89 6dc0 
  0x0000021cf5468fa0: 448b ea0f | b651 1449 | ba00 b9b5 | 65fe 7f00 | 0049 8b14 | d252 418b | d54c 8b6d | c04c 8d6c 
  0x0000021cf5468fc0: 2408 498b | cd48 2bcd | 48c1 f903 | 4889 4df0 | ff63 500f | 1f44 0000 
[/MachCode]

---------------  P R O C E S S  ---------------

Threads class SMR info:
_java_thread_list=0x0000021cc63e9ca0, length=34, elements={
0x0000021cfdebb6c0, 0x0000021cfdebc590, 0x0000021cfdec2a50, 0x0000021cfdec4620,
0x0000021cfdec5080, 0x0000021cfdec5ae0, 0x0000021cfdec8a60, 0x0000021cfde8bba0,
0x0000021cc51d7160, 0x0000021cc528cbe0, 0x0000021cc55140a0, 0x0000021cc5514710,
0x0000021cc5845490, 0x0000021cc58668d0, 0x0000021cc58dc0f0, 0x0000021cc58e1590,
0x0000021cc5d03710, 0x0000021cc63008b0, 0x0000021cc6b12070, 0x0000021cc6b13420,
0x0000021cc6b0ffa0, 0x0000021cc6b12700, 0x0000021cc6b12d90, 0x0000021cc7143af0,
0x0000021cc7142740, 0x0000021cc7145bc0, 0x0000021cc7144810, 0x0000021cc7146250,
0x0000021cc71468e0, 0x0000021cc7142dd0, 0x0000021cc7143460, 0x0000021cc7146f70,
0x0000021cc7147600, 0x0000021cc71420b0
}

Java Threads: ( => current thread )
  0x0000021cfdebb6c0 JavaThread "Reference Handler"          daemon [_thread_blocked, id=27936, stack(0x00000033b9c00000,0x00000033b9d00000) (1024K)]
  0x0000021cfdebc590 JavaThread "Finalizer"                  daemon [_thread_blocked, id=15920, stack(0x00000033b9d00000,0x00000033b9e00000) (1024K)]
  0x0000021cfdec2a50 JavaThread "Signal Dispatcher"          daemon [_thread_blocked, id=20604, stack(0x00000033b9e00000,0x00000033b9f00000) (1024K)]
  0x0000021cfdec4620 JavaThread "Attach Listener"            daemon [_thread_blocked, id=27992, stack(0x00000033b9f00000,0x00000033ba000000) (1024K)]
  0x0000021cfdec5080 JavaThread "Service Thread"             daemon [_thread_blocked, id=1060, stack(0x00000033ba000000,0x00000033ba100000) (1024K)]
  0x0000021cfdec5ae0 JavaThread "Monitor Deflation Thread"   daemon [_thread_blocked, id=15504, stack(0x00000033ba100000,0x00000033ba200000) (1024K)]
  0x0000021cfdec8a60 JavaThread "C1 CompilerThread0"         daemon [_thread_blocked, id=17668, stack(0x00000033ba200000,0x00000033ba300000) (1024K)]
  0x0000021cfde8bba0 JavaThread "Common-Cleaner"             daemon [_thread_blocked, id=25864, stack(0x00000033ba300000,0x00000033ba400000) (1024K)]
  0x0000021cc51d7160 JavaThread "C1 CompilerThread1"         daemon [_thread_blocked, id=27868, stack(0x00000033ba400000,0x00000033ba500000) (1024K)]
  0x0000021cc528cbe0 JavaThread "C1 CompilerThread2"         daemon [_thread_blocked, id=29856, stack(0x00000033ba500000,0x00000033ba600000) (1024K)]
  0x0000021cc55140a0 JavaThread "Monitor Ctrl-Break"         daemon [_thread_in_native, id=29276, stack(0x00000033ba600000,0x00000033ba700000) (1024K)]
  0x0000021cc5514710 JavaThread "Notification Thread"        daemon [_thread_blocked, id=20184, stack(0x00000033ba700000,0x00000033ba800000) (1024K)]
  0x0000021cc5845490 JavaThread "RMI TCP Accept-0"           daemon [_thread_in_native, id=7696, stack(0x00000033ba800000,0x00000033ba900000) (1024K)]
  0x0000021cc58668d0 JavaThread "RMI TCP Connection(1)-10.207.240.232" daemon [_thread_in_native, id=20252, stack(0x00000033ba900000,0x00000033baa00000) (1024K)]
  0x0000021cc58dc0f0 JavaThread "RMI Scheduler(0)"           daemon [_thread_blocked, id=25156, stack(0x00000033baa00000,0x00000033bab00000) (1024K)]
  0x0000021cc58e1590 JavaThread "JMX server connection timeout 26" daemon [_thread_blocked, id=29624, stack(0x00000033bab00000,0x00000033bac00000) (1024K)]
  0x0000021cc5d03710 JavaThread "RMI TCP Connection(2)-10.207.240.232" daemon [_thread_in_native, id=16320, stack(0x00000033bb300000,0x00000033bb400000) (1024K)]
  0x0000021cc63008b0 JavaThread "C1 CompilerThread3"         daemon [_thread_blocked, id=9232, stack(0x00000033bb400000,0x00000033bb500000) (1024K)]
  0x0000021cc6b12070 JavaThread "Catalina-utility-1"                [_thread_blocked, id=12924, stack(0x00000033bb500000,0x00000033bb600000) (1024K)]
  0x0000021cc6b13420 JavaThread "Catalina-utility-2"                [_thread_blocked, id=21428, stack(0x00000033bb700000,0x00000033bb800000) (1024K)]
  0x0000021cc6b0ffa0 JavaThread "container-0"                       [_thread_blocked, id=12260, stack(0x00000033bb800000,0x00000033bb900000) (1024K)]
=>0x0000021cc6b12700 JavaThread "http-nio-8080-exec-1"       daemon [_thread_in_vm, id=27512, stack(0x00000033bb900000,0x00000033bba00000) (1024K)]
  0x0000021cc6b12d90 JavaThread "http-nio-8080-exec-2"       daemon [_thread_blocked, id=23708, stack(0x00000033bba00000,0x00000033bbb00000) (1024K)]
  0x0000021cc7143af0 JavaThread "http-nio-8080-exec-3"       daemon [_thread_blocked, id=11472, stack(0x00000033bbb00000,0x00000033bbc00000) (1024K)]
  0x0000021cc7142740 JavaThread "http-nio-8080-exec-4"       daemon [_thread_blocked, id=27380, stack(0x00000033bbc00000,0x00000033bbd00000) (1024K)]
  0x0000021cc7145bc0 JavaThread "http-nio-8080-exec-5"       daemon [_thread_blocked, id=4244, stack(0x00000033bbd00000,0x00000033bbe00000) (1024K)]
  0x0000021cc7144810 JavaThread "http-nio-8080-exec-6"       daemon [_thread_blocked, id=5172, stack(0x00000033bbe00000,0x00000033bbf00000) (1024K)]
  0x0000021cc7146250 JavaThread "http-nio-8080-exec-7"       daemon [_thread_blocked, id=13804, stack(0x00000033bbf00000,0x00000033bc000000) (1024K)]
  0x0000021cc71468e0 JavaThread "http-nio-8080-exec-8"       daemon [_thread_blocked, id=28604, stack(0x00000033bc000000,0x00000033bc100000) (1024K)]
  0x0000021cc7142dd0 JavaThread "http-nio-8080-exec-9"       daemon [_thread_blocked, id=19412, stack(0x00000033bc100000,0x00000033bc200000) (1024K)]
  0x0000021cc7143460 JavaThread "http-nio-8080-exec-10"      daemon [_thread_blocked, id=1872, stack(0x00000033bc200000,0x00000033bc300000) (1024K)]
  0x0000021cc7146f70 JavaThread "http-nio-8080-Poller"       daemon [_thread_in_native, id=11676, stack(0x00000033bc300000,0x00000033bc400000) (1024K)]
  0x0000021cc7147600 JavaThread "http-nio-8080-Acceptor"     daemon [_thread_in_native, id=14240, stack(0x00000033bc400000,0x00000033bc500000) (1024K)]
  0x0000021cc71420b0 JavaThread "DestroyJavaVM"                     [_thread_blocked, id=19328, stack(0x00000033b9400000,0x00000033b9500000) (1024K)]
Total: 34

Other Threads:
  0x0000021cfdea1e80 VMThread "VM Thread"                           [id=8720, stack(0x00000033b9b00000,0x00000033b9c00000) (1024K)]
  0x0000021cfde8a7e0 WatcherThread "VM Periodic Task Thread"        [id=24144, stack(0x00000033b9a00000,0x00000033b9b00000) (1024K)]
  0x0000021ceb990020 WorkerThread "GC Thread#0"                     [id=22624, stack(0x00000033b9500000,0x00000033b9600000) (1024K)]
  0x0000021cc5b77300 WorkerThread "GC Thread#1"                     [id=26076, stack(0x00000033bac00000,0x00000033bad00000) (1024K)]
  0x0000021cc5b8f290 WorkerThread "GC Thread#2"                     [id=29864, stack(0x00000033bad00000,0x00000033bae00000) (1024K)]
  0x0000021cc5baf600 WorkerThread "GC Thread#3"                     [id=22112, stack(0x00000033bae00000,0x00000033baf00000) (1024K)]
  0x0000021cc5baf9b0 WorkerThread "GC Thread#4"                     [id=29348, stack(0x00000033baf00000,0x00000033bb000000) (1024K)]
  0x0000021cc5bafd60 WorkerThread "GC Thread#5"                     [id=6392, stack(0x00000033bb000000,0x00000033bb100000) (1024K)]
  0x0000021cc5bb0110 WorkerThread "GC Thread#6"                     [id=8252, stack(0x00000033bb100000,0x00000033bb200000) (1024K)]
  0x0000021cc5bb04c0 WorkerThread "GC Thread#7"                     [id=19572, stack(0x00000033bb200000,0x00000033bb300000) (1024K)]
  0x0000021ceb9a0720 ConcurrentGCThread "G1 Main Marker"            [id=22792, stack(0x00000033b9600000,0x00000033b9700000) (1024K)]
  0x0000021ceb9a3050 WorkerThread "G1 Conc#0"                       [id=20856, stack(0x00000033b9700000,0x00000033b9800000) (1024K)]
  0x0000021cc5c3c1e0 WorkerThread "G1 Conc#1"                       [id=2900, stack(0x00000033bb600000,0x00000033bb700000) (1024K)]
  0x0000021cfdd5c5b0 ConcurrentGCThread "G1 Refine#0"               [id=22832, stack(0x00000033b9800000,0x00000033b9900000) (1024K)]
  0x0000021cfdd5d0f0 ConcurrentGCThread "G1 Service"                [id=30480, stack(0x00000033b9900000,0x00000033b9a00000) (1024K)]
Total: 15

Threads with active compile tasks:
Total: 0

VM state: not at safepoint (normal execution)

VM Mutex/Monitor currently owned by a thread:  ([mutex/lock_event])
[0x00007ffe65b49b38] Metaspace_lock - owner thread: 0x0000021cc6b12700

Heap address: 0x0000000084000000, size: 1984 MB, Compressed Oops mode: 32-bit

CDS archive(s) mapped at: [0x0000021c80000000-0x0000021c80c60000-0x0000021c80c60000), size 12976128, SharedBaseAddress: 0x0000021c80000000, ArchiveRelocationMode: 1.
Compressed class space mapped at: 0x0000021c81000000-0x0000021cc1000000, reserved size: 1073741824
Narrow klass base: 0x0000021c80000000, Narrow klass shift: 0, Narrow klass range: 0x41000000

GC Precious Log:
 CardTable entry size: 512
 Card Set container configuration: InlinePtr #cards 5 size 8 Array Of Cards #cards 12 size 40 Howl #buckets 4 coarsen threshold 1843 Howl Bitmap #cards 512 size 80 coarsen threshold 460 Card regions per heap region 1 cards per card region 2048
 CPUs: 8 total, 8 available
 Memory: 7932M
 Large Page Support: Disabled
 NUMA Support: Disabled
 Compressed Oops: Enabled (32-bit)
 Heap Region Size: 1M
 Heap Min Capacity: 8M
 Heap Initial Capacity: 124M
 Heap Max Capacity: 1984M
 Pre-touch: Disabled
 Parallel Workers: 8
 Concurrent Workers: 2
 Concurrent Refinement Workers: 8
 Periodic GC: Disabled

Heap:
 garbage-first heap   total reserved 2031616K, committed 46080K, used 24232K [0x0000000084000000, 0x0000000100000000)
  region size 1024K, 7 young (7168K), 2 survivors (2048K)
 Metaspace       used 39857K, committed 40448K, reserved 1114112K
  class space    used 5251K, committed 5504K, reserved 1048576K

Heap Regions: E=young(eden), S=young(survivor), O=old, HS=humongous(starts), HC=humongous(continues), CS=collection set, F=free, TAMS=top-at-mark-start, PB=parsable bottom
|   0|0x0000000084000000, 0x0000000084100000, 0x0000000084100000|100%| O|  |TAMS 0x0000000084000000| PB 0x0000000084000000| Untracked |  0
|   1|0x0000000084100000, 0x0000000084200000, 0x0000000084200000|100%| O|  |TAMS 0x0000000084100000| PB 0x0000000084100000| Untracked |  0
|   2|0x0000000084200000, 0x0000000084300000, 0x0000000084300000|100%| O|  |TAMS 0x0000000084200000| PB 0x0000000084200000| Untracked |  0
|   3|0x0000000084300000, 0x0000000084400000, 0x0000000084400000|100%| O|  |TAMS 0x0000000084300000| PB 0x0000000084300000| Untracked |  0
|   4|0x0000000084400000, 0x0000000084500000, 0x0000000084500000|100%| O|  |TAMS 0x0000000084400000| PB 0x0000000084400000| Untracked |  0
|   5|0x0000000084500000, 0x0000000084600000, 0x0000000084600000|100%| O|  |TAMS 0x0000000084500000| PB 0x0000000084500000| Untracked |  0
|   6|0x0000000084600000, 0x0000000084700000, 0x0000000084700000|100%| O|  |TAMS 0x0000000084600000| PB 0x0000000084600000| Untracked |  0
|   7|0x0000000084700000, 0x0000000084800000, 0x0000000084800000|100%| O|  |TAMS 0x0000000084700000| PB 0x0000000084700000| Untracked |  0
|   8|0x0000000084800000, 0x0000000084900000, 0x0000000084900000|100%| O|  |TAMS 0x0000000084800000| PB 0x0000000084800000| Untracked |  0
|   9|0x0000000084900000, 0x0000000084a00000, 0x0000000084a00000|100%| O|  |TAMS 0x0000000084900000| PB 0x0000000084900000| Untracked |  0
|  10|0x0000000084a00000, 0x0000000084b00000, 0x0000000084b00000|100%| O|  |TAMS 0x0000000084a00000| PB 0x0000000084a00000| Untracked |  0
|  11|0x0000000084b00000, 0x0000000084c00000, 0x0000000084c00000|100%| O|  |TAMS 0x0000000084b00000| PB 0x0000000084b00000| Untracked |  0
|  12|0x0000000084c00000, 0x0000000084d00000, 0x0000000084d00000|100%| O|  |TAMS 0x0000000084c00000| PB 0x0000000084c00000| Untracked |  0
|  13|0x0000000084d00000, 0x0000000084e00000, 0x0000000084e00000|100%| O|Cm|TAMS 0x0000000084d00000| PB 0x0000000084d00000| Complete |  0
|  14|0x0000000084e00000, 0x0000000084f00000, 0x0000000084f00000|100%| O|  |TAMS 0x0000000084e00000| PB 0x0000000084e00000| Untracked |  0
|  15|0x0000000084f00000, 0x0000000085000000, 0x0000000085000000|100%| O|  |TAMS 0x0000000084f00000| PB 0x0000000084f00000| Untracked |  0
|  16|0x0000000085000000, 0x0000000085100000, 0x0000000085100000|100%| O|  |TAMS 0x0000000085000000| PB 0x0000000085000000| Untracked |  0
|  17|0x0000000085100000, 0x0000000085100000, 0x0000000085200000|  0%| F|  |TAMS 0x0000000085100000| PB 0x0000000085100000| Untracked |  0
|  18|0x0000000085200000, 0x0000000085300000, 0x0000000085300000|100%| O|  |TAMS 0x0000000085200000| PB 0x0000000085200000| Untracked |  0
|  19|0x0000000085300000, 0x00000000853cfde0, 0x0000000085400000| 81%| O|  |TAMS 0x0000000085300000| PB 0x0000000085300000| Untracked |  0
|  20|0x0000000085400000, 0x0000000085400000, 0x0000000085500000|  0%| F|  |TAMS 0x0000000085400000| PB 0x0000000085400000| Untracked |  0
|  21|0x0000000085500000, 0x0000000085500000, 0x0000000085600000|  0%| F|  |TAMS 0x0000000085500000| PB 0x0000000085500000| Untracked |  0
|  22|0x0000000085600000, 0x0000000085600000, 0x0000000085700000|  0%| F|  |TAMS 0x0000000085600000| PB 0x0000000085600000| Untracked |  0
|  23|0x0000000085700000, 0x0000000085700000, 0x0000000085800000|  0%| F|  |TAMS 0x0000000085700000| PB 0x0000000085700000| Untracked |  0
|  24|0x0000000085800000, 0x00000000858da5e0, 0x0000000085900000| 85%| S|CS|TAMS 0x0000000085800000| PB 0x0000000085800000| Complete |  0
|  25|0x0000000085900000, 0x0000000085a00000, 0x0000000085a00000|100%| S|CS|TAMS 0x0000000085900000| PB 0x0000000085900000| Complete |  0
|  26|0x0000000085a00000, 0x0000000085a00000, 0x0000000085b00000|  0%| F|  |TAMS 0x0000000085a00000| PB 0x0000000085a00000| Untracked |  0
|  27|0x0000000085b00000, 0x0000000085b00000, 0x0000000085c00000|  0%| F|  |TAMS 0x0000000085b00000| PB 0x0000000085b00000| Untracked |  0
|  28|0x0000000085c00000, 0x0000000085c00000, 0x0000000085d00000|  0%| F|  |TAMS 0x0000000085c00000| PB 0x0000000085c00000| Untracked |  0
|  29|0x0000000085d00000, 0x0000000085d00000, 0x0000000085e00000|  0%| F|  |TAMS 0x0000000085d00000| PB 0x0000000085d00000| Untracked |  0
|  30|0x0000000085e00000, 0x0000000085e00000, 0x0000000085f00000|  0%| F|  |TAMS 0x0000000085e00000| PB 0x0000000085e00000| Untracked |  0
|  31|0x0000000085f00000, 0x0000000085f00000, 0x0000000086000000|  0%| F|  |TAMS 0x0000000085f00000| PB 0x0000000085f00000| Untracked |  0
|  32|0x0000000086000000, 0x0000000086000000, 0x0000000086100000|  0%| F|  |TAMS 0x0000000086000000| PB 0x0000000086000000| Untracked |  0
|  33|0x0000000086100000, 0x0000000086100000, 0x0000000086200000|  0%| F|  |TAMS 0x0000000086100000| PB 0x0000000086100000| Untracked |  0
|  34|0x0000000086200000, 0x0000000086200000, 0x0000000086300000|  0%| F|  |TAMS 0x0000000086200000| PB 0x0000000086200000| Untracked |  0
|  35|0x0000000086300000, 0x0000000086300000, 0x0000000086400000|  0%| F|  |TAMS 0x0000000086300000| PB 0x0000000086300000| Untracked |  0
|  36|0x0000000086400000, 0x0000000086400000, 0x0000000086500000|  0%| F|  |TAMS 0x0000000086400000| PB 0x0000000086400000| Untracked |  0
|  37|0x0000000086500000, 0x0000000086500000, 0x0000000086600000|  0%| F|  |TAMS 0x0000000086500000| PB 0x0000000086500000| Untracked |  0
|  88|0x0000000089800000, 0x0000000089800000, 0x0000000089900000|  0%| F|  |TAMS 0x0000000089800000| PB 0x0000000089800000| Untracked |  0
|  92|0x0000000089c00000, 0x0000000089c00000, 0x0000000089d00000|  0%| F|  |TAMS 0x0000000089c00000| PB 0x0000000089c00000| Untracked |  0
|  93|0x0000000089d00000, 0x0000000089d7bd20, 0x0000000089e00000| 48%| E|  |TAMS 0x0000000089d00000| PB 0x0000000089d00000| Complete |  0
|  94|0x0000000089e00000, 0x0000000089f00000, 0x0000000089f00000|100%| E|  |TAMS 0x0000000089e00000| PB 0x0000000089e00000| Complete |  0
|  95|0x0000000089f00000, 0x000000008a000000, 0x000000008a000000|100%| E|CS|TAMS 0x0000000089f00000| PB 0x0000000089f00000| Complete |  0
| 122|0x000000008ba00000, 0x000000008bb00000, 0x000000008bb00000|100%| E|CS|TAMS 0x000000008ba00000| PB 0x000000008ba00000| Complete |  0
| 123|0x000000008bb00000, 0x000000008bc00000, 0x000000008bc00000|100%| E|CS|TAMS 0x000000008bb00000| PB 0x000000008bb00000| Complete |  0

Card table byte_map: [0x0000021cf9110000,0x0000021cf94f0000] _byte_map_base: 0x0000021cf8cf0000

Marking Bits: (CMBitMap*) 0x0000021ceb990640
 Bits: [0x0000021cf94f0000, 0x0000021cfb3f0000)

Polling page: 0x0000021ceb9c0000

Metaspace:

Usage:
  Non-class:     33.79 MB used.
      Class:      5.13 MB used.
       Both:     38.92 MB used.

Virtual space:
  Non-class space:       64.00 MB reserved,      34.12 MB ( 53%) committed,  1 nodes.
      Class space:        1.00 GB reserved,       5.38 MB ( <1%) committed,  1 nodes.
             Both:        1.06 GB reserved,      39.50 MB (  4%) committed. 

Chunk freelists:
   Non-Class:  12.92 MB
       Class:  10.64 MB
        Both:  23.56 MB

MaxMetaspaceSize: unlimited
CompressedClassSpaceSize: 1.00 GB
Initial GC threshold: 21.00 MB
Current GC threshold: 58.88 MB
CDS: on
 - commit_granule_bytes: 65536.
 - commit_granule_words: 8192.
 - virtual_space_node_default_size: 8388608.
 - enlarge_chunks_in_place: 1.
 - use_allocation_guard: 0.


Internal statistics:

num_allocs_failed_limit: 6.
num_arena_births: 898.
num_arena_deaths: 0.
num_vsnodes_births: 2.
num_vsnodes_deaths: 0.
num_space_committed: 632.
num_space_uncommitted: 0.
num_chunks_returned_to_freelist: 6.
num_chunks_taken_from_freelist: 2225.
num_chunk_merges: 3.
num_chunk_splits: 1517.
num_chunks_enlarged: 1062.
num_inconsistent_stats: 0.

CodeCache: size=49152Kb used=10465Kb max_used=10465Kb free=38686Kb
 bounds [0x0000021cf5450000, 0x0000021cf5e90000, 0x0000021cf8450000]
 total_blobs=5243 nmethods=4640 adapters=524
 compilation: enabled
              stopped_count=0, restarted_count=0
 full_count=0

Compilation events (20 events):
Event: 7.210 Thread 0x0000021cc51d7160 nmethod 4670 0x0000021cf5e81c90 code [0x0000021cf5e81e40, 0x0000021cf5e82078]
Event: 7.210 Thread 0x0000021cc51d7160 4672       1       sun.security.jca.GetInstance$Instance::<init> (15 bytes)
Event: 7.210 Thread 0x0000021cc63008b0 nmethod 4671 0x0000021cf5e82190 code [0x0000021cf5e823c0, 0x0000021cf5e827c8]
Event: 7.210 Thread 0x0000021cc51d7160 nmethod 4672 0x0000021cf5e82a10 code [0x0000021cf5e82ba0, 0x0000021cf5e82d00]
Event: 7.215 Thread 0x0000021cc51d7160 4673       1       java.util.Base64$Decoder::decodeBlock (186 bytes)
Event: 7.215 Thread 0x0000021cc51d7160 nmethod 4673 0x0000021cf5e82d90 code [0x0000021cf5e82f40, 0x0000021cf5e83228]
Event: 7.218 Thread 0x0000021cfdec8a60 4674       1       sun.security.provider.DigestBase::<init> (27 bytes)
Event: 7.218 Thread 0x0000021cc51d7160 4675   !   1       java.security.MessageDigest$Delegate::of (84 bytes)
Event: 7.218 Thread 0x0000021cfdec8a60 nmethod 4674 0x0000021cf5e83490 code [0x0000021cf5e83620, 0x0000021cf5e83830]
Event: 7.218 Thread 0x0000021cc528cbe0 4676       1       java.security.MessageDigest$Delegate$CloneableDelegate::<init> (8 bytes)
Event: 7.218 Thread 0x0000021cc63008b0 4677       1       java.security.MessageDigest$Delegate::<init> (12 bytes)
Event: 7.219 Thread 0x0000021cfdec8a60 4678       1       java.security.MessageDigest::<init> (20 bytes)
Event: 7.219 Thread 0x0000021cc528cbe0 nmethod 4676 0x0000021cf5e83910 code [0x0000021cf5e83aa0, 0x0000021cf5e83c88]
Event: 7.219 Thread 0x0000021cfdec8a60 nmethod 4678 0x0000021cf5e83d10 code [0x0000021cf5e83ea0, 0x0000021cf5e84008]
Event: 7.219 Thread 0x0000021cc63008b0 nmethod 4677 0x0000021cf5e84090 code [0x0000021cf5e84220, 0x0000021cf5e84400]
Event: 7.219 Thread 0x0000021cc51d7160 nmethod 4675 0x0000021cf5e84490 code [0x0000021cf5e846a0, 0x0000021cf5e84cf0]
Event: 7.227 Thread 0x0000021cfdec8a60 4679       1       java.util.Collections$UnmodifiableCollection::toArray (10 bytes)
Event: 7.227 Thread 0x0000021cfdec8a60 nmethod 4679 0x0000021cf5e84f10 code [0x0000021cf5e850a0, 0x0000021cf5e85198]
Event: 7.235 Thread 0x0000021cfdec8a60 4680       1       java.lang.String::getBytes (25 bytes)
Event: 7.235 Thread 0x0000021cfdec8a60 nmethod 4680 0x0000021cf5e85210 code [0x0000021cf5e853c0, 0x0000021cf5e85558]

GC Heap History (20 events):
Event: 1.945 GC heap before
{Heap before GC invocations=0 (full 0):
 garbage-first heap   total reserved 2031616K, committed 126976K, used 23552K [0x0000000084000000, 0x0000000100000000)
  region size 1024K, 24 young (24576K), 0 survivors (0K)
 Metaspace       used 7547K, committed 7808K, reserved 1114112K
  class space    used 952K, committed 1088K, reserved 1048576K
}
Event: 1.961 GC heap after
{Heap after GC invocations=1 (full 0):
 garbage-first heap   total reserved 2031616K, committed 126976K, used 5760K [0x0000000084000000, 0x0000000100000000)
  region size 1024K, 3 young (3072K), 3 survivors (3072K)
 Metaspace       used 7547K, committed 7808K, reserved 1114112K
  class space    used 952K, committed 1088K, reserved 1048576K
}
Event: 3.510 GC heap before
{Heap before GC invocations=1 (full 0):
 garbage-first heap   total reserved 2031616K, committed 126976K, used 34432K [0x0000000084000000, 0x0000000100000000)
  region size 1024K, 32 young (32768K), 3 survivors (3072K)
 Metaspace       used 15376K, committed 15872K, reserved 1114112K
  class space    used 2088K, committed 2304K, reserved 1048576K
}
Event: 3.518 GC heap after
{Heap after GC invocations=2 (full 0):
 garbage-first heap   total reserved 2031616K, committed 126976K, used 8681K [0x0000000084000000, 0x0000000100000000)
  region size 1024K, 3 young (3072K), 3 survivors (3072K)
 Metaspace       used 15376K, committed 15872K, reserved 1114112K
  class space    used 2088K, committed 2304K, reserved 1048576K
}
Event: 3.895 GC heap before
{Heap before GC invocations=2 (full 0):
 garbage-first heap   total reserved 2031616K, committed 126976K, used 35305K [0x0000000084000000, 0x0000000100000000)
  region size 1024K, 31 young (31744K), 3 survivors (3072K)
 Metaspace       used 21056K, committed 21504K, reserved 1114112K
  class space    used 2850K, committed 3072K, reserved 1048576K
}
Event: 3.904 GC heap after
{Heap after GC invocations=3 (full 0):
 garbage-first heap   total reserved 2031616K, committed 126976K, used 10973K [0x0000000084000000, 0x0000000100000000)
  region size 1024K, 5 young (5120K), 5 survivors (5120K)
 Metaspace       used 21056K, committed 21504K, reserved 1114112K
  class space    used 2850K, committed 3072K, reserved 1048576K
}
Event: 4.499 GC heap before
{Heap before GC invocations=4 (full 0):
 garbage-first heap   total reserved 2031616K, committed 37888K, used 28381K [0x0000000084000000, 0x0000000100000000)
  region size 1024K, 22 young (22528K), 5 survivors (5120K)
 Metaspace       used 22632K, committed 23040K, reserved 1114112K
  class space    used 3093K, committed 3264K, reserved 1048576K
}
Event: 4.505 GC heap after
{Heap after GC invocations=5 (full 0):
 garbage-first heap   total reserved 2031616K, committed 37888K, used 12303K [0x0000000084000000, 0x0000000100000000)
  region size 1024K, 2 young (2048K), 2 survivors (2048K)
 Metaspace       used 22632K, committed 23040K, reserved 1114112K
  class space    used 3093K, committed 3264K, reserved 1048576K
}
Event: 5.022 GC heap before
{Heap before GC invocations=5 (full 0):
 garbage-first heap   total reserved 2031616K, committed 37888K, used 29711K [0x0000000084000000, 0x0000000100000000)
  region size 1024K, 19 young (19456K), 2 survivors (2048K)
 Metaspace       used 25642K, committed 26240K, reserved 1114112K
  class space    used 3574K, committed 3840K, reserved 1048576K
}
Event: 5.029 GC heap after
{Heap after GC invocations=6 (full 0):
 garbage-first heap   total reserved 2031616K, committed 37888K, used 13772K [0x0000000084000000, 0x0000000100000000)
  region size 1024K, 3 young (3072K), 3 survivors (3072K)
 Metaspace       used 25642K, committed 26240K, reserved 1114112K
  class space    used 3574K, committed 3840K, reserved 1048576K
}
Event: 5.437 GC heap before
{Heap before GC invocations=6 (full 0):
 garbage-first heap   total reserved 2031616K, committed 37888K, used 31180K [0x0000000084000000, 0x0000000100000000)
  region size 1024K, 20 young (20480K), 3 survivors (3072K)
 Metaspace       used 28190K, committed 28864K, reserved 1114112K
  class space    used 3881K, committed 4160K, reserved 1048576K
}
Event: 5.449 GC heap after
{Heap after GC invocations=7 (full 0):
 garbage-first heap   total reserved 2031616K, committed 37888K, used 15378K [0x0000000084000000, 0x0000000100000000)
  region size 1024K, 2 young (2048K), 2 survivors (2048K)
 Metaspace       used 28190K, committed 28864K, reserved 1114112K
  class space    used 3881K, committed 4160K, reserved 1048576K
}
Event: 5.801 GC heap before
{Heap before GC invocations=7 (full 0):
 garbage-first heap   total reserved 2031616K, committed 37888K, used 30738K [0x0000000084000000, 0x0000000100000000)
  region size 1024K, 18 young (18432K), 2 survivors (2048K)
 Metaspace       used 30719K, committed 31424K, reserved 1114112K
  class space    used 4260K, committed 4544K, reserved 1048576K
}
Event: 5.804 GC heap after
{Heap after GC invocations=8 (full 0):
 garbage-first heap   total reserved 2031616K, committed 37888K, used 17370K [0x0000000084000000, 0x0000000100000000)
  region size 1024K, 3 young (3072K), 3 survivors (3072K)
 Metaspace       used 30719K, committed 31424K, reserved 1114112K
  class space    used 4260K, committed 4544K, reserved 1048576K
}
Event: 6.209 GC heap before
{Heap before GC invocations=8 (full 0):
 garbage-first heap   total reserved 2031616K, committed 37888K, used 31706K [0x0000000084000000, 0x0000000100000000)
  region size 1024K, 17 young (17408K), 3 survivors (3072K)
 Metaspace       used 33962K, committed 34688K, reserved 1114112K
  class space    used 4723K, committed 5056K, reserved 1048576K
}
Event: 6.214 GC heap after
{Heap after GC invocations=9 (full 0):
 garbage-first heap   total reserved 2031616K, committed 37888K, used 19725K [0x0000000084000000, 0x0000000100000000)
  region size 1024K, 3 young (3072K), 3 survivors (3072K)
 Metaspace       used 33962K, committed 34688K, reserved 1114112K
  class space    used 4723K, committed 5056K, reserved 1048576K
}
Event: 6.362 GC heap before
{Heap before GC invocations=9 (full 0):
 garbage-first heap   total reserved 2031616K, committed 37888K, used 21773K [0x0000000084000000, 0x0000000100000000)
  region size 1024K, 6 young (6144K), 3 survivors (3072K)
 Metaspace       used 35363K, committed 35968K, reserved 1114112K
  class space    used 4862K, committed 5120K, reserved 1048576K
}
Event: 6.364 GC heap after
{Heap after GC invocations=10 (full 0):
 garbage-first heap   total reserved 2031616K, committed 46080K, used 20006K [0x0000000084000000, 0x0000000100000000)
  region size 1024K, 1 young (1024K), 1 survivors (1024K)
 Metaspace       used 35363K, committed 35968K, reserved 1114112K
  class space    used 4862K, committed 5120K, reserved 1048576K
}
Event: 6.970 GC heap before
{Heap before GC invocations=11 (full 0):
 garbage-first heap   total reserved 2031616K, committed 46080K, used 37414K [0x0000000084000000, 0x0000000100000000)
  region size 1024K, 19 young (19456K), 1 survivors (1024K)
 Metaspace       used 38827K, committed 39424K, reserved 1114112K
  class space    used 5135K, committed 5376K, reserved 1048576K
}
Event: 6.972 GC heap after
{Heap after GC invocations=12 (full 0):
 garbage-first heap   total reserved 2031616K, committed 46080K, used 21160K [0x0000000084000000, 0x0000000100000000)
  region size 1024K, 2 young (2048K), 2 survivors (2048K)
 Metaspace       used 38827K, committed 39424K, reserved 1114112K
  class space    used 5135K, committed 5376K, reserved 1048576K
}

Dll operation events (12 events):
Event: 0.073 Loaded shared library C:\Program Files\Java\jdk-22\bin\java.dll
Event: 0.371 Loaded shared library C:\Program Files\Java\jdk-22\bin\zip.dll
Event: 0.380 Loaded shared library C:\Program Files\Java\jdk-22\bin\instrument.dll
Event: 0.390 Loaded shared library C:\Program Files\Java\jdk-22\bin\net.dll
Event: 0.410 Loaded shared library C:\Program Files\Java\jdk-22\bin\nio.dll
Event: 0.417 Loaded shared library C:\Program Files\Java\jdk-22\bin\zip.dll
Event: 0.480 Loaded shared library C:\Program Files\Java\jdk-22\bin\jimage.dll
Event: 0.690 Loaded shared library C:\Program Files\Java\jdk-22\bin\extnet.dll
Event: 0.719 Loaded shared library C:\Program Files\Java\jdk-22\bin\management.dll
Event: 0.750 Loaded shared library C:\Program Files\Java\jdk-22\bin\management_ext.dll
Event: 3.131 Loaded shared library C:\Program Files\Java\jdk-22\bin\le.dll
Event: 3.923 Loaded shared library C:\Program Files\Java\jdk-22\bin\sunmscapi.dll

Deoptimization events (2 events):
Event: 6.272 Thread 0x0000021cc6b12700 DEOPT PACKING pc=0x0000021cf5a6e5cc sp=0x00000033bb9f5dd0
Event: 6.272 Thread 0x0000021cc6b12700 DEOPT UNPACKING pc=0x0000021cf54a88e2 sp=0x00000033bb9f52f8 mode 0

Classes loaded (20 events):
Event: 6.361 Loading class java/io/CharArrayWriter
Event: 6.361 Loading class java/io/CharArrayWriter done
Event: 6.425 Loading class javax/management/remote/rmi/RMIConnectionImpl$6
Event: 6.425 Loading class javax/management/remote/rmi/RMIConnectionImpl$6 done
Event: 6.425 Loading class javax/management/remote/rmi/RMIConnectionImpl$7
Event: 6.425 Loading class javax/management/remote/rmi/RMIConnectionImpl$7 done
Event: 6.425 Loading class com/sun/jmx/remote/util/OrderClassLoaders
Event: 6.425 Loading class com/sun/jmx/remote/util/OrderClassLoaders done
Event: 6.425 Loading class javax/management/remote/rmi/RMIConnectionImpl$SetCcl
Event: 6.425 Loading class javax/management/remote/rmi/RMIConnectionImpl$SetCcl done
Event: 6.425 Loading class java/rmi/MarshalledObject$MarshalledObjectInputStream
Event: 6.425 Loading class java/rmi/MarshalledObject$MarshalledObjectInputStream done
Event: 6.496 Loading class java/io/FileOutputStream$1
Event: 6.496 Loading class java/io/FileOutputStream$1 done
Event: 6.557 Loading class sun/util/ResourceBundleEnumeration
Event: 6.558 Loading class sun/util/ResourceBundleEnumeration done
Event: 6.917 Loading class java/lang/ExceptionInInitializerError
Event: 6.918 Loading class java/lang/ExceptionInInitializerError done
Event: 7.041 Loading class java/io/FileWriter
Event: 7.041 Loading class java/io/FileWriter done

Classes unloaded (0 events):
No events

Classes redefined (0 events):
No events

Internal exceptions (20 events):
Event: 5.206 Thread 0x0000021ceb7eb850 Exception <a 'java/lang/NoSuchMethodError'{0x00000000898adaf0}: 'int java.lang.invoke.DirectMethodHandle$Holder.invokeVirtual(java.lang.Object, java.lang.Object, java.lang.Object, java.lang.Object)'> (0x00000000898adaf0) 
thrown [s\open\src\hotspot\share\interpreter\linkResolver.cpp, line 774]
Event: 5.206 Thread 0x0000021ceb7eb850 Exception <a 'java/lang/NoSuchMethodError'{0x00000000898b13b0}: 'int java.lang.invoke.DelegatingMethodHandle$Holder.reinvoke_L(java.lang.Object, java.lang.Object, java.lang.Object, java.lang.Object)'> (0x00000000898b13b0) 
thrown [s\open\src\hotspot\share\interpreter\linkResolver.cpp, line 774]
Event: 5.242 Thread 0x0000021ceb7eb850 Exception <a 'java/io/FileNotFoundException'{0x0000000085dd30a0}> (0x0000000085dd30a0) 
thrown [s\open\src\hotspot\share\prims\jni.cpp, line 520]
Event: 5.407 Thread 0x0000021ceb7eb850 Exception <a 'java/lang/NoSuchMethodError'{0x00000000856bb1c8}: 'void java.lang.invoke.DirectMethodHandle$Holder.invokeVirtual(java.lang.Object, java.lang.Object, java.lang.Object, java.lang.Object, java.lang.Object)'> (0x00000000856bb1c8) 
thrown [s\open\src\hotspot\share\interpreter\linkResolver.cpp, line 774]
Event: 5.428 Thread 0x0000021ceb7eb850 Exception <a 'java/lang/NoSuchMethodError'{0x00000000854ae470}: 'int java.lang.invoke.DirectMethodHandle$Holder.invokeInterface(java.lang.Object, java.lang.Object, java.lang.Object, java.lang.Object)'> (0x00000000854ae470) 
thrown [s\open\src\hotspot\share\interpreter\linkResolver.cpp, line 774]
Event: 5.504 Thread 0x0000021ceb7eb850 Exception <a 'java/lang/NoSuchMethodError'{0x000000008ba9e328}: 'long java.lang.invoke.DirectMethodHandle$Holder.invokeVirtual(java.lang.Object, java.lang.Object)'> (0x000000008ba9e328) 
thrown [s\open\src\hotspot\share\interpreter\linkResolver.cpp, line 774]
Event: 5.534 Thread 0x0000021ceb7eb850 Exception <a 'java/lang/NoSuchMethodError'{0x0000000089fcf290}: 'void java.lang.invoke.DirectMethodHandle$Holder.invokeVirtual(java.lang.Object, java.lang.Object, long)'> (0x0000000089fcf290) 
thrown [s\open\src\hotspot\share\interpreter\linkResolver.cpp, line 774]
Event: 5.578 Thread 0x0000021ceb7eb850 Exception <a 'java/lang/NoSuchMethodError'{0x0000000089da5900}: 'java.lang.Object java.lang.invoke.DirectMethodHandle$Holder.newInvokeSpecial(java.lang.Object, java.lang.Object, java.lang.Object, java.lang.Object, java.lang.Object, java.lang.Object, java.lang.Object, java.lang.Object)'> (0x0000000089da5900) 
thrown [s\open\src\hotspot\share\interpreter\linkResolver.cpp, line 774]
Event: 5.606 Thread 0x0000021cc58668d0 Exception <a 'java/lang/NoSuchMethodError'{0x0000000089cb2b50}: 'long java.lang.invoke.DelegatingMethodHandle$Holder.reinvoke_L(java.lang.Object, java.lang.Object)'> (0x0000000089cb2b50) 
thrown [s\open\src\hotspot\share\interpreter\linkResolver.cpp, line 774]
Event: 5.725 Thread 0x0000021ceb7eb850 Exception <a 'java/lang/IncompatibleClassChangeError'{0x00000000859f6de8}: Found class java.lang.Object, but interface was expected> (0x00000000859f6de8) 
thrown [s\open\src\hotspot\share\interpreter\linkResolver.cpp, line 841]
Event: 5.791 Thread 0x0000021ceb7eb850 Exception <a 'java/lang/NoSuchMethodError'{0x000000008555d138}: 'int java.lang.invoke.DirectMethodHandle$Holder.invokeStaticInit(java.lang.Object, java.lang.Object, java.lang.Object, java.lang.Object)'> (0x000000008555d138) 
thrown [s\open\src\hotspot\share\interpreter\linkResolver.cpp, line 774]
Event: 5.862 Thread 0x0000021ceb7eb850 Exception <a 'java/lang/NoSuchMethodError'{0x0000000089f7a1e8}: 'void java.lang.invoke.Invokers$Holder.invokeExact_MT(java.lang.Object, java.lang.Object, java.lang.Object, java.lang.Object)'> (0x0000000089f7a1e8) 
thrown [s\open\src\hotspot\share\interpreter\linkResolver.cpp, line 774]
Event: 5.863 Thread 0x0000021ceb7eb850 Exception <a 'java/lang/IncompatibleClassChangeError'{0x0000000089f7f188}: Found class java.lang.Object, but interface was expected> (0x0000000089f7f188) 
thrown [s\open\src\hotspot\share\interpreter\linkResolver.cpp, line 841]
Event: 5.931 Thread 0x0000021ceb7eb850 Exception <a 'java/lang/NoSuchMethodError'{0x0000000089c7eb00}: 'java.lang.Object java.lang.invoke.DirectMethodHandle$Holder.newInvokeSpecial(java.lang.Object, java.lang.Object, int, java.lang.Object, java.lang.Object)'> (0x0000000089c7eb00) 
thrown [s\open\src\hotspot\share\interpreter\linkResolver.cpp, line 774]
Event: 5.976 Thread 0x0000021cc7147600 Exception <a 'java/lang/NoSuchMethodError'{0x00000000898f95b8}: 'java.lang.Object java.lang.invoke.DirectMethodHandle$Holder.invokeStatic(java.lang.Object, java.lang.Object, java.lang.Object, int, int)'> (0x00000000898f95b8) 
thrown [s\open\src\hotspot\share\interpreter\linkResolver.cpp, line 774]
Event: 5.976 Thread 0x0000021cc7147600 Exception <a 'java/lang/NoSuchMethodError'{0x00000000898fcd88}: 'java.lang.Object java.lang.invoke.DirectMethodHandle$Holder.invokeStaticInit(java.lang.Object, java.lang.Object, java.lang.Object, int, int)'> (0x00000000898fcd88) 
thrown [s\open\src\hotspot\share\interpreter\linkResolver.cpp, line 774]
Event: 6.032 Thread 0x0000021cc6b12700 Exception <a 'java/lang/NoSuchMethodError'{0x0000000085cb22c0}: 'java.lang.Object java.lang.invoke.DirectMethodHandle$Holder.invokeSpecial(java.lang.Object, java.lang.Object, java.lang.Object, java.lang.Object, java.lang.Object, long)'> (0x0000000085cb22c0) 
thrown [s\open\src\hotspot\share\interpreter\linkResolver.cpp, line 774]
Event: 6.032 Thread 0x0000021cc6b12700 Exception <a 'java/lang/NoSuchMethodError'{0x0000000085cb5a90}: 'java.lang.Object java.lang.invoke.Invokers$Holder.linkToTargetMethod(java.lang.Object, java.lang.Object, java.lang.Object, long, java.lang.Object)'> (0x0000000085cb5a90) 
thrown [s\open\src\hotspot\share\interpreter\linkResolver.cpp, line 774]
Event: 6.226 Thread 0x0000021cc6b12700 Exception <a 'java/lang/NoSuchMethodError'{0x000000008bb52de8}: 'int java.lang.invoke.DirectMethodHandle$Holder.invokeStatic(java.lang.Object, int, java.lang.Object)'> (0x000000008bb52de8) 
thrown [s\open\src\hotspot\share\interpreter\linkResolver.cpp, line 774]
Event: 6.423 Thread 0x0000021cc5d03710 Exception <a 'java/lang/NoSuchMethodError'{0x0000000089f95228}: 'java.lang.Object java.lang.invoke.DirectMethodHandle$Holder.invokeInterface(java.lang.Object, java.lang.Object, java.lang.Object, java.lang.Object, java.lang.Object, java.lang.Object, java.lang.Object)'> (0x0000000089f95228) 
thrown [s\open\src\hotspot\share\interpreter\linkResolver.cpp, line 774]

ZGC Phase Switch (0 events):
No events

VM Operations (20 events):
Event: 6.258 Executing VM operation: HandshakeAllThreads (Deoptimize)
Event: 6.258 Executing VM operation: HandshakeAllThreads (Deoptimize) done
Event: 6.272 Executing VM operation: HandshakeAllThreads (Deoptimize)
Event: 6.272 Executing VM operation: HandshakeAllThreads (Deoptimize) done
Event: 6.293 Executing VM operation: HandshakeAllThreads (Deoptimize)
Event: 6.293 Executing VM operation: HandshakeAllThreads (Deoptimize) done
Event: 6.359 Executing VM operation: HandshakeAllThreads (Deoptimize)
Event: 6.359 Executing VM operation: HandshakeAllThreads (Deoptimize) done
Event: 6.362 Executing VM operation: CollectForMetadataAllocation (Metadata GC Threshold)
Event: 6.364 Executing VM operation: CollectForMetadataAllocation (Metadata GC Threshold) done
Event: 6.386 Executing VM operation: G1PauseRemark
Event: 6.389 Executing VM operation: G1PauseRemark done
Event: 6.400 Executing VM operation: G1PauseCleanup
Event: 6.401 Executing VM operation: G1PauseCleanup done
Event: 6.457 Executing VM operation: HandshakeAllThreads (Deoptimize)
Event: 6.457 Executing VM operation: HandshakeAllThreads (Deoptimize) done
Event: 6.472 Executing VM operation: HandshakeAllThreads (Deoptimize)
Event: 6.472 Executing VM operation: HandshakeAllThreads (Deoptimize) done
Event: 6.970 Executing VM operation: G1CollectForAllocation (G1 Evacuation Pause)
Event: 6.972 Executing VM operation: G1CollectForAllocation (G1 Evacuation Pause) done

Events (20 events):
Event: 6.389 Thread 0x0000021cfdea1e80 flushing nmethod 0x0000021cf57e7410
Event: 6.389 Thread 0x0000021cfdea1e80 flushing nmethod 0x0000021cf584ac90
Event: 6.389 Thread 0x0000021cfdea1e80 flushing nmethod 0x0000021cf58a0c90
Event: 6.389 Thread 0x0000021cfdea1e80 flushing nmethod 0x0000021cf58a3c10
Event: 6.389 Thread 0x0000021cfdea1e80 flushing nmethod 0x0000021cf5912290
Event: 6.389 Thread 0x0000021cfdea1e80 flushing nmethod 0x0000021cf5b04990
Event: 6.389 Thread 0x0000021cfdea1e80 flushing nmethod 0x0000021cf57c7890
Event: 6.389 Thread 0x0000021cfdea1e80 flushing nmethod 0x0000021cf57c9390
Event: 6.389 Thread 0x0000021cfdea1e80 flushing nmethod 0x0000021cf57cb490
Event: 6.389 Thread 0x0000021cfdea1e80 flushing nmethod 0x0000021cf58aa610
Event: 6.389 Thread 0x0000021cfdea1e80 flushing nmethod 0x0000021cf58aad10
Event: 6.389 Thread 0x0000021cfdea1e80 flushing nmethod 0x0000021cf58ab910
Event: 6.389 Thread 0x0000021cfdea1e80 flushing nmethod 0x0000021cf591cd10
Event: 6.389 Thread 0x0000021cfdea1e80 flushing nmethod 0x0000021cf5951190
Event: 6.406 Thread 0x0000021cc7148320 Thread added: 0x0000021cc7148320
Event: 6.411 Thread 0x0000021cc7148320 Thread exited: 0x0000021cc7148320
Event: 6.412 Thread 0x0000021cc7147c90 Thread added: 0x0000021cc7147c90
Event: 6.427 Thread 0x0000021cc7147c90 Thread exited: 0x0000021cc7147c90
Event: 6.428 Thread 0x0000021cc7144ea0 Thread added: 0x0000021cc7144ea0
Event: 6.438 Thread 0x0000021cc7144ea0 Thread exited: 0x0000021cc7144ea0


Dynamic libraries:
0x00007ff62e9b0000 - 0x00007ff62e9c0000 	C:\Program Files\Java\jdk-22\bin\java.exe
0x00007ffebf250000 - 0x00007ffebf448000 	C:\WINDOWS\SYSTEM32\ntdll.dll
0x00007ffebdb50000 - 0x00007ffebdc12000 	C:\WINDOWS\System32\KERNEL32.DLL
0x00007ffebca30000 - 0x00007ffebcd26000 	C:\WINDOWS\System32\KERNELBASE.dll
0x00007ffebc8e0000 - 0x00007ffebc9e0000 	C:\WINDOWS\System32\ucrtbase.dll
0x00007ffeba4b0000 - 0x00007ffeba4c7000 	C:\Program Files\Java\jdk-22\bin\jli.dll
0x00007ffebd970000 - 0x00007ffebda21000 	C:\WINDOWS\System32\ADVAPI32.dll
0x00007ffebd270000 - 0x00007ffebd30e000 	C:\WINDOWS\System32\msvcrt.dll
0x00007ffebdcf0000 - 0x00007ffebdd8f000 	C:\WINDOWS\System32\sechost.dll
0x00007ffebe0c0000 - 0x00007ffebe1e3000 	C:\WINDOWS\System32\RPCRT4.dll
0x00007ffeb2650000 - 0x00007ffeb266b000 	C:\Program Files\Java\jdk-22\bin\VCRUNTIME140.dll
0x00007ffebd190000 - 0x00007ffebd1b7000 	C:\WINDOWS\System32\bcrypt.dll
0x00007ffebeff0000 - 0x00007ffebf18d000 	C:\WINDOWS\System32\USER32.dll
0x00007ffebcf10000 - 0x00007ffebcf32000 	C:\WINDOWS\System32\win32u.dll
0x00007ffebe270000 - 0x00007ffebe29b000 	C:\WINDOWS\System32\GDI32.dll
0x00007ffebcf40000 - 0x00007ffebd059000 	C:\WINDOWS\System32\gdi32full.dll
0x00007ffebd060000 - 0x00007ffebd0fd000 	C:\WINDOWS\System32\msvcp_win.dll
0x00007ffe9fe90000 - 0x00007ffea012a000 	C:\WINDOWS\WinSxS\amd64_microsoft.windows.common-controls_6595b64144ccf1df_6.0.19041.5915_none_60b4b9d171f9c7c7\COMCTL32.dll
0x00007ffeb1970000 - 0x00007ffeb197a000 	C:\WINDOWS\SYSTEM32\VERSION.dll
0x00007ffebee80000 - 0x00007ffebeeaf000 	C:\WINDOWS\System32\IMM32.DLL
0x00007ffeb2640000 - 0x00007ffeb264c000 	C:\Program Files\Java\jdk-22\bin\vcruntime140_1.dll
0x00007ffeaa610000 - 0x00007ffeaa69e000 	C:\Program Files\Java\jdk-22\bin\msvcp140.dll
0x00007ffe64ee0000 - 0x00007ffe65c27000 	C:\Program Files\Java\jdk-22\bin\server\jvm.dll
0x00007ffebdc20000 - 0x00007ffebdc8b000 	C:\WINDOWS\System32\WS2_32.dll
0x00007ffebc740000 - 0x00007ffebc78b000 	C:\WINDOWS\SYSTEM32\POWRPROF.dll
0x00007ffeabda0000 - 0x00007ffeabdc7000 	C:\WINDOWS\SYSTEM32\WINMM.dll
0x00007ffebc720000 - 0x00007ffebc732000 	C:\WINDOWS\SYSTEM32\UMPDC.dll
0x00007ffebb150000 - 0x00007ffebb162000 	C:\WINDOWS\SYSTEM32\kernel.appcore.dll
0x00007ffeb25d0000 - 0x00007ffeb25da000 	C:\Program Files\Java\jdk-22\bin\jimage.dll
0x00007ffeba650000 - 0x00007ffeba851000 	C:\WINDOWS\SYSTEM32\DBGHELP.DLL
0x00007ffe9f190000 - 0x00007ffe9f1c4000 	C:\WINDOWS\SYSTEM32\dbgcore.DLL
0x00007ffebd100000 - 0x00007ffebd182000 	C:\WINDOWS\System32\bcryptPrimitives.dll
0x00007ffeb25c0000 - 0x00007ffeb25cf000 	C:\Program Files\Java\jdk-22\bin\instrument.dll
0x00007ffeb0290000 - 0x00007ffeb02ae000 	C:\Program Files\Java\jdk-22\bin\java.dll
0x00007ffebe710000 - 0x00007ffebee7e000 	C:\WINDOWS\System32\SHELL32.dll
0x00007ffebde00000 - 0x00007ffebdf2b000 	C:\WINDOWS\System32\ole32.dll
0x00007ffebd4e0000 - 0x00007ffebd833000 	C:\WINDOWS\System32\combase.dll
0x00007ffeba860000 - 0x00007ffebb004000 	C:\WINDOWS\SYSTEM32\windows.storage.dll
0x00007ffebc240000 - 0x00007ffebc26b000 	C:\WINDOWS\SYSTEM32\Wldp.dll
0x00007ffebd8a0000 - 0x00007ffebd96d000 	C:\WINDOWS\System32\OLEAUT32.dll
0x00007ffebdf30000 - 0x00007ffebdfdd000 	C:\WINDOWS\System32\SHCORE.dll
0x00007ffebdd90000 - 0x00007ffebddeb000 	C:\WINDOWS\System32\shlwapi.dll
0x00007ffebc810000 - 0x00007ffebc835000 	C:\WINDOWS\SYSTEM32\profapi.dll
0x00007ffeae190000 - 0x00007ffeae1a7000 	C:\Program Files\Java\jdk-22\bin\zip.dll
0x00007ffeb2550000 - 0x00007ffeb2560000 	C:\Program Files\Java\jdk-22\bin\net.dll
0x00007ffebbfa0000 - 0x00007ffebc00a000 	C:\WINDOWS\system32\mswsock.dll
0x00007ffead9d0000 - 0x00007ffead9e6000 	C:\Program Files\Java\jdk-22\bin\nio.dll
0x00007ffebbcc0000 - 0x00007ffebbd8a000 	C:\WINDOWS\SYSTEM32\DNSAPI.dll
0x00007ffebbc80000 - 0x00007ffebbcbb000 	C:\WINDOWS\SYSTEM32\IPHLPAPI.DLL
0x00007ffebddf0000 - 0x00007ffebddf8000 	C:\WINDOWS\System32\NSI.dll
0x000000005e920000 - 0x000000005e946000 	C:\Program Files\Bonjour\mdnsNSP.dll
0x00007ffeb3ab0000 - 0x00007ffeb3aba000 	C:\Windows\System32\rasadhlp.dll
0x00007ffeb2510000 - 0x00007ffeb2519000 	C:\Program Files\Java\jdk-22\bin\extnet.dll
0x00007ffeb2ed0000 - 0x00007ffeb2f50000 	C:\WINDOWS\System32\fwpuclnt.dll
0x00007ffeb0d70000 - 0x00007ffeb0d7a000 	C:\Program Files\Java\jdk-22\bin\management.dll
0x00007ffeb0ba0000 - 0x00007ffeb0bab000 	C:\Program Files\Java\jdk-22\bin\management_ext.dll
0x00007ffebd4d0000 - 0x00007ffebd4d8000 	C:\WINDOWS\System32\PSAPI.DLL
0x00007ffebc1a0000 - 0x00007ffebc1b8000 	C:\WINDOWS\SYSTEM32\CRYPTSP.dll
0x00007ffebb8c0000 - 0x00007ffebb8f8000 	C:\WINDOWS\system32\rsaenh.dll
0x00007ffebc790000 - 0x00007ffebc7be000 	C:\WINDOWS\SYSTEM32\USERENV.dll
0x00007ffebc190000 - 0x00007ffebc19c000 	C:\WINDOWS\SYSTEM32\CRYPTBASE.dll
0x00007ffe7f7d0000 - 0x00007ffe7f7e7000 	C:\WINDOWS\system32\napinsp.dll
0x00007ffe7fa30000 - 0x00007ffe7fa4b000 	C:\WINDOWS\system32\pnrpnsp.dll
0x00007ffe80940000 - 0x00007ffe8095d000 	C:\WINDOWS\system32\wshbth.dll
0x00007ffeb6f90000 - 0x00007ffeb6fad000 	C:\WINDOWS\system32\NLAapi.dll
0x00007ffe808d0000 - 0x00007ffe808e2000 	C:\WINDOWS\System32\winrnr.dll
0x00007ffe97000000 - 0x00007ffe97051000 	C:\WINDOWS\SYSTEM32\pdh.dll
0x00007ffead9c0000 - 0x00007ffead9cb000 	C:\Program Files\Java\jdk-22\bin\le.dll
0x00007ffead9b0000 - 0x00007ffead9be000 	C:\Program Files\Java\jdk-22\bin\sunmscapi.dll
0x00007ffebcd30000 - 0x00007ffebce8d000 	C:\WINDOWS\System32\CRYPT32.dll
0x00007ffebc2b0000 - 0x00007ffebc2d7000 	C:\WINDOWS\SYSTEM32\ncrypt.dll
0x00007ffebc270000 - 0x00007ffebc2ab000 	C:\WINDOWS\SYSTEM32\NTASN1.dll
0x00007ffeba4d0000 - 0x00007ffeba4df000 	C:\WINDOWS\System32\perfproc.dll
0x00007ffe96940000 - 0x00007ffe9694f000 	C:\WINDOWS\System32\perfos.dll
0x00007ffeb54e0000 - 0x00007ffeb54e7000 	C:\WINDOWS\system32\wshunix.dll

dbghelp: loaded successfully - version: 4.0.5 - missing functions: none
symbol engine: initialized successfully - sym options: 0x614 - pdb path: .;C:\Program Files\Java\jdk-22\bin;C:\WINDOWS\SYSTEM32;C:\WINDOWS\WinSxS\amd64_microsoft.windows.common-controls_6595b64144ccf1df_6.0.19041.5915_none_60b4b9d171f9c7c7;C:\Program Files\Java\jdk-22\bin\server;C:\Program Files\Bonjour

VM Arguments:
jvm_args: -XX:TieredStopAtLevel=1 -Dspring.output.ansi.enabled=always -Dcom.sun.management.jmxremote -Dspring.jmx.enabled=true -Dspring.liveBeansView.mbeanDomain -Dspring.application.admin.enabled=true -Dmanagement.endpoints.jmx.exposure.include=* -javaagent:C:\Program Files\JetBrains\IntelliJ IDEA 2024.3.5\lib\idea_rt.jar=55249 -Dfile.encoding=UTF-8 -Dsun.stdout.encoding=UTF-8 -Dsun.stderr.encoding=UTF-8 
java_command: com.movie_booking.moviebookingsystem.MovieBookingSystemApplication
java_class_path (initial): C:\Users\OSHADHA\Music\MovieBookingSystem\target\classes;C:\Users\OSHADHA\.m2\repository\org\springframework\boot\spring-boot-starter-web\3.5.4\spring-boot-starter-web-3.5.4.jar;C:\Users\OSHADHA\.m2\repository\org\springframework\boot\spring-boot-starter\3.5.4\spring-boot-starter-3.5.4.jar;C:\Users\OSHADHA\.m2\repository\org\springframework\boot\spring-boot\3.5.4\spring-boot-3.5.4.jar;C:\Users\OSHADHA\.m2\repository\org\springframework\boot\spring-boot-autoconfigure\3.5.4\spring-boot-autoconfigure-3.5.4.jar;C:\Users\OSHADHA\.m2\repository\org\springframework\boot\spring-boot-starter-logging\3.5.4\spring-boot-starter-logging-3.5.4.jar;C:\Users\OSHADHA\.m2\repository\ch\qos\logback\logback-classic\1.5.18\logback-classic-1.5.18.jar;C:\Users\OSHADHA\.m2\repository\ch\qos\logback\logback-core\1.5.18\logback-core-1.5.18.jar;C:\Users\OSHADHA\.m2\repository\org\apache\logging\log4j\log4j-to-slf4j\2.24.3\log4j-to-slf4j-2.24.3.jar;C:\Users\OSHADHA\.m2\repository\org\apache\logging\log4j\log4j-api\2.24.3\log4j-api-2.24.3.jar;C:\Users\OSHADHA\.m2\repository\org\slf4j\jul-to-slf4j\2.0.17\jul-to-slf4j-2.0.17.jar;C:\Users\OSHADHA\.m2\repository\jakarta\annotation\jakarta.annotation-api\2.1.1\jakarta.annotation-api-2.1.1.jar;C:\Users\OSHADHA\.m2\repository\org\yaml\snakeyaml\2.4\snakeyaml-2.4.jar;C:\Users\OSHADHA\.m2\repository\org\springframework\boot\spring-boot-starter-json\3.5.4\spring-boot-starter-json-3.5.4.jar;C:\Users\OSHADHA\.m2\repository\com\fasterxml\jackson\core\jackson-databind\2.19.2\jackson-databind-2.19.2.jar;C:\Users\OSHADHA\.m2\repository\com\fasterxml\jackson\core\jackson-annotations\2.19.2\jackson-annotations-2.19.2.jar;C:\Users\OSHADHA\.m2\repository\com\fasterxml\jackson\core\jackson-core\2.19.2\jackson-core-2.19.2.jar;C:\Users\OSHADHA\.m2\repository\com\fasterxml\jackson\datatype\jackson-datatype-jdk8\2.19.2\jackson-datatype-jdk8-2.19.2.jar;C:\Users\OSHADHA\.m2\repository\com\fasterxml\jackson\datatype\jackson-datatype-jsr310\2.19.2\jackson-datatype-jsr310-2.19.2.jar;C:\Users\OSHADHA\.m2\repository\com\fasterxml\jackson\module\jackson-module-parameter-names\2.19.2\jackson-module-parameter-names-2.19.2.jar;C:\Users\OSHADHA\.m2\repository\org\springframework\boot\spring-boot-starter-tomcat\3.5.4\spring-boot-starter-tomcat-3.5.4.jar;C:\Users\OSHADHA\.m2\repository\org\apache\tomcat\embed\tomcat-embed-websocket\10.1.43\tomcat-embed-websocket-10.1.43.jar;C:\Users\OSHADHA\.m2\repository\org\springframework\spring-web\6.2.9\spring-web-6.2.9.jar;C:\Users\OSHADHA\.m2\repository\org\springframework\spring-beans\6.2.9\spring-beans-6.2.9.jar;C:\Users\OSHADHA\.m2\repository\io\micrometer\micrometer-observation\1.15.2\micrometer-observation-1.15.2.jar;C:\Users\OSHADHA\.m2\repository\io\micrometer\micrometer-commons\1.15.2\micrometer-commons-1.15.2.jar;C:\Users\OSHADHA\.m2\repository\org\springframework\spring-webmvc\6.2.9\spring-webmvc-6.2.9.jar;C:\Users\OSHADHA\.m2\repository\org\springframework\spring-aop\6.2.9\spring-aop-6.2.9.jar;C:\Users\OSHADHA\.m2\repository\org\springframework\spring-context\6.2.9\spring-context-6.2.9.jar;C:\Users\OSHADHA\.m2\repository\org\springframework\spring-expression\6.2.9\spring-expression-6.2.9.jar;C:\Users\OSHADHA\.m2\repository\org\springframework\boot\spring-boot-starter-web-services\3.5.4\spring-boot-starter-web-services-3.5.4.jar;C:\Users\OSHADHA\.m2\repository\com\sun\xml\messaging\saaj\saaj-impl\3.0.4\saaj-impl-3.0.4.jar;C:\Users\OSHADHA\.m2\repository\jakarta\xml\soap\jakarta.xml.soap-api\3.0.2\jakarta.xml.soap-api-3.0.2.jar;C:\Users\OSHADHA\.m2\repository\org\jvnet\staxex\stax-ex\2.1.0\stax-ex-2.1.0.jar;C:\Users\OSHADHA\.m2\repository\jakarta\activation\jakarta.activation-api\2.1.3\jakarta.activation-api-2.1.3.jar;C:\Users\OSHADHA\.m2\repository\org\eclipse\angus\angus-activation\2.0.2\angus-activation-2.0.2.jar;C:\Users\OSHADHA\.m2\repository\jakarta\xml\ws\jakarta.xml.ws-api\4.0.2\jakarta.xml.ws-api-4.0.2.jar;C:\Users\OSHADHA\.m2\repository\org\springframework\spring-oxm\6.2.9\spring-oxm-6.2.9.jar;C:\Users\OSHADHA\.m2\repository\org\springframework\ws\spring-ws-core\4.1.1\spring-ws-core-4.1.1.jar;C:\Users\OSHADHA\.m2\repository\org\springframework\ws\spring-xml\4.1.1\spring-xml-4.1.1.jar;C:\Users\OSHADHA\.m2\repository\org\glassfish\jaxb\jaxb-runtime\4.0.5\jaxb-runtime-4.0.5.jar;C:\Users\OSHADHA\.m2\repository\org\glassfish\jaxb\jaxb-core\4.0.5\jaxb-core-4.0.5.jar;C:\Users\OSHADHA\.m2\repository\org\glassfish\jaxb\txw2\4.0.5\txw2-4.0.5.jar;C:\Users\OSHADHA\.m2\repository\com\sun\istack\istack-commons-runtime\4.1.2\istack-commons-runtime-4.1.2.jar;C:\Users\OSHADHA\.m2\repository\com\mysql\mysql-connector-j\9.3.0\mysql-connector-j-9.3.0.jar;C:\Users\OSHADHA\.m2\repository\org\slf4j\slf4j-api\2.0.17\slf4j-api-2.0.17.jar;C:\Users\OSHADHA\.m2\repository\jakarta\xml\bind\jakarta.xml.bind-api\4.0.2\jakarta.xml.bind-api-4.0.2.jar;C:\Users\OSHADHA\.m2\repository\org\springframework\spring-core\6.2.9\spring-core-6.2.9.jar;C:\Users\OSHADHA\.m2\repository\org\springframework\spring-jcl\6.2.9\spring-jcl-6.2.9.jar;C:\Users\OSHADHA\.m2\repository\org\apache\tomcat\embed\tomcat-embed-jasper\10.1.43\tomcat-embed-jasper-10.1.43.jar;C:\Users\OSHADHA\.m2\repository\org\apache\tomcat\embed\tomcat-embed-core\10.1.43\tomcat-embed-core-10.1.43.jar;C:\Users\OSHADHA\.m2\repository\org\apache\tomcat\tomcat-annotations-api\10.1.43\tomcat-annotations-api-10.1.43.jar;C:\Users\OSHADHA\.m2\repository\org\apache\tomcat\embed\tomcat-embed-el\10.1.43\tomcat-embed-el-10.1.43.jar;C:\Users\OSHADHA\.m2\repository\org\eclipse\jdt\ecj\3.33.0\ecj-3.33.0.jar;C:\Users\OSHADHA\.m2\repository\jakarta\servlet\jakarta.servlet-api\6.0.0\jakarta.servlet-api-6.0.0.jar
Launcher Type: SUN_STANDARD

[Global flags]
     intx CICompilerCount                          = 4                                         {product} {ergonomic}
     uint ConcGCThreads                            = 2                                         {product} {ergonomic}
     uint G1ConcRefinementThreads                  = 8                                         {product} {ergonomic}
   size_t G1HeapRegionSize                         = 1048576                                   {product} {ergonomic}
   size_t InitialHeapSize                          = 130023424                                 {product} {ergonomic}
     bool ManagementServer                         = true                                      {product} {command line}
   size_t MarkStackSize                            = 4194304                                   {product} {ergonomic}
   size_t MaxHeapSize                              = 2080374784                                {product} {ergonomic}
   size_t MaxNewSize                               = 1247805440                                {product} {ergonomic}
   size_t MinHeapDeltaBytes                        = 1048576                                   {product} {ergonomic}
   size_t MinHeapSize                              = 8388608                                   {product} {ergonomic}
    uintx NonNMethodCodeHeapSize                   = 4096                                   {pd product} {ergonomic}
    uintx NonProfiledCodeHeapSize                  = 0                                      {pd product} {ergonomic}
     bool ProfileInterpreter                       = false                                  {pd product} {command line}
    uintx ProfiledCodeHeapSize                     = 0                                      {pd product} {ergonomic}
   size_t SoftMaxHeapSize                          = 2080374784                             {manageable} {ergonomic}
     intx TieredStopAtLevel                        = 1                                         {product} {command line}
     bool UseCompressedOops                        = true                           {product lp64_product} {ergonomic}
     bool UseG1GC                                  = true                                      {product} {ergonomic}
     bool UseLargePagesIndividualAllocation        = false                                  {pd product} {ergonomic}

Logging:
Log output configuration:
 #0: stdout all=warning uptime,level,tags foldmultilines=false
 #1: stderr all=off uptime,level,tags foldmultilines=false

Environment Variables:
JAVA_HOME=C:\Program Files\Java\jdk-22\bin
PATH=C:\Program Files\Common Files\Oracle\Java\javapath;C:\WINDOWS\system32;C:\WINDOWS;C:\WINDOWS\System32\Wbem;C:\WINDOWS\System32\WindowsPowerShell\v1.0\;C:\WINDOWS\System32\OpenSSH\;C:\Program Files\dotnet\;C:\Program Files\Java\jdk-22\bin;C:\Program Files\Git\cmd;C:\Program Files (x86)\Microsoft SQL Server\160\Tools\Binn\;C:\Program Files\Microsoft SQL Server\160\Tools\Binn\;C:\Program Files\Microsoft SQL Server\Client SDK\ODBC\170\Tools\Binn\;C:\Program Files\Microsoft SQL Server\160\DTS\Binn\;C:\Program Files\MySQL\MySQL Shell 8.0\bin\;C:\Users\OSHADHA\AppData\Local\Programs\Python\Python313\Scripts\;C:\Users\OSHADHA\AppData\Local\Programs\Python\Python313\;C:\Users\OSHADHA\AppData\Local\Microsoft\WindowsApps;C:\Users\OSHADHA\.dotnet\tools;C:\Program Files\JetBrains\IntelliJ IDEA Community Edition 2024.3.3\bin;;C:\Users\OSHADHA\AppData\Local\GitHubDesktop\bin;
USERNAME=OSHADHA
OS=Windows_NT
PROCESSOR_IDENTIFIER=Intel64 Family 6 Model 140 Stepping 1, GenuineIntel
TMP=C:\Users\OSHADHA\AppData\Local\Temp
TEMP=C:\Users\OSHADHA\AppData\Local\Temp




Periodic native trim disabled

---------------  S Y S T E M  ---------------

OS:
 Windows 10 , 64 bit Build 19041 (10.0.19041.5915)
OS uptime: 33 days 22:13 hours

CPU: total 8 (initial active 8) (4 cores per cpu, 2 threads per core) family 6 model 140 stepping 1 microcode 0xb8, cx8, cmov, fxsr, ht, mmx, 3dnowpref, sse, sse2, sse3, ssse3, sse4.1, sse4.2, popcnt, lzcnt, tsc, tscinvbit, avx, avx2, aes, erms, clmul, bmi1, bmi2, adx, avx512f, avx512dq, avx512cd, avx512bw, avx512vl, sha, fma, vzeroupper, avx512_vpopcntdq, avx512_vpclmulqdq, avx512_vaes, avx512_vnni, clflush, clflushopt, clwb, avx512_vbmi2, avx512_vbmi, rdtscp, rdpid, fsrm, gfni, avx512_bitalg, f16c, pku, cet_ibt, cet_ss, avx512_ifma
Processor Information for all 8 processors :
  Max Mhz: 2419, Current Mhz: 2419, Mhz Limit: 2419

Memory: 4k page, system-wide physical 7932M (341M free)
TotalPageFile size 16124M (AvailPageFile size 0M)
current process WorkingSet (physical memory assigned to process): 159M, peak: 159M
current process commit charge ("private bytes"): 198M, peak: 243M

vm_info: Java HotSpot(TM) 64-Bit Server VM (22.0.1+8-16) for windows-amd64 JRE (22.0.1+8-16), built on 2024-03-12T10:33:16Z by "mach5one" with MS VC++ 17.6 (VS2022)

END.
